0 info it worked if it ends with ok
1 verbose cli [ '/Users/zoolsher/.nvm/versions/node/v6.10.3/bin/node',
1 verbose cli   '/Users/zoolsher/.nvm/versions/node/v6.10.3/bin/npm',
1 verbose cli   'run',
1 verbose cli   'start' ]
2 info using npm@3.10.10
3 info using node@v6.10.3
4 verbose run-script [ 'prestart', 'start', 'poststart' ]
5 info lifecycle doodle-jump@0.0.1~prestart: doodle-jump@0.0.1
6 silly lifecycle doodle-jump@0.0.1~prestart: no script for prestart, continuing
7 info lifecycle doodle-jump@0.0.1~start: doodle-jump@0.0.1
8 verbose lifecycle doodle-jump@0.0.1~start: unsafe-perm in lifecycle true
9 verbose lifecycle doodle-jump@0.0.1~start: PATH: /Users/zoolsher/.nvm/versions/node/v6.10.3/lib/node_modules/npm/bin/node-gyp-bin:/Users/zoolsher/Project/doodle-jump/node_modules/.bin:/Users/zoolsher/.nvm/versions/node/v6.10.3/bin:/usr/local/bin:/usr/bin:/bin:/usr/sbin:/sbin:/usr/local/sbin
10 verbose lifecycle doodle-jump@0.0.1~start: CWD: /Users/zoolsher/Project/doodle-jump
11 silly lifecycle doodle-jump@0.0.1~start: Args: [ '-c',
11 silly lifecycle   'webpack-dev-server --colors --inline --quiet --hot --host 0.0.0.0 -port 8017' ]
12 silly lifecycle doodle-jump@0.0.1~start: Returned: code: 1  signal: null
13 info lifecycle doodle-jump@0.0.1~start: Failed to exec start script
14 verbose stack Error: doodle-jump@0.0.1 start: `webpack-dev-server --colors --inline --quiet --hot --host 0.0.0.0 -port 8017`
14 verbose stack Exit status 1
14 verbose stack     at EventEmitter.<anonymous> (/Users/zoolsher/.nvm/versions/node/v6.10.3/lib/node_modules/npm/lib/utils/lifecycle.js:255:16)
14 verbose stack     at emitTwo (events.js:106:13)
14 verbose stack     at EventEmitter.emit (events.js:191:7)
14 verbose stack     at ChildProcess.<anonymous> (/Users/zoolsher/.nvm/versions/node/v6.10.3/lib/node_modules/npm/lib/utils/spawn.js:40:14)
14 verbose stack     at emitTwo (events.js:106:13)
14 verbose stack     at ChildProcess.emit (events.js:191:7)
14 verbose stack     at maybeClose (internal/child_process.js:886:16)
14 verbose stack     at Process.ChildProcess._handle.onexit (internal/child_process.js:226:5)
15 verbose pkgid doodle-jump@0.0.1
16 verbose cwd /Users/zoolsher/Project/doodle-jump
17 error Darwin 15.6.0
18 error argv "/Users/zoolsher/.nvm/versions/node/v6.10.3/bin/node" "/Users/zoolsher/.nvm/versions/node/v6.10.3/bin/npm" "run" "start"
19 error node v6.10.3
20 error npm  v3.10.10
21 error code ELIFECYCLE
22 error doodle-jump@0.0.1 start: `webpack-dev-server --colors --inline --quiet --hot --host 0.0.0.0 -port 8017`
22 error Exit status 1
23 error Failed at the doodle-jump@0.0.1 start script 'webpack-dev-server --colors --inline --quiet --hot --host 0.0.0.0 -port 8017'.
23 error Make sure you have the latest version of node.js and npm installed.
23 error If you do, this is most likely a problem with the doodle-jump package,
23 error not with npm itself.
23 error Tell the author that this fails on your system:
23 error     webpack-dev-server --colors --inline --quiet --hot --host 0.0.0.0 -port 8017
23 error You can get information on how to open an issue for this project with:
23 error     npm bugs doodle-jump
23 error Or if that isn't available, you can get their info via:
23 error     npm owner ls doodle-jump
23 error There is likely additional logging output above.
24 verbose exit [ 1, true ]
